app/build/outputs/logs/manifest-merger-debug-report.txt
-- Merging decision tree log ---
manifest
ADDED from src\main\AndroidManifest.xml:2:1-110:12
INJECTED from src\main\AndroidManifest.xml:2:1-110:12
INJECTED from src\main\AndroidManifest.xml:2:1-110:12
INJECTED from src\main\AndroidManifest.xml:2:1-110:12
MERGED from [io.realm:realm-android-library:3.1.3] AndroidManifest.xml:2:1-11:12
MERGED from [com.android.support:cardview-v7:26.1.0] AndroidManifest.xml:17:1-28:12
MERGED from [:MPChartLib] AndroidManifest.xml:2:1-21:12
MERGED from [com.google.firebase:firebase-core:12.0.1] AndroidManifest.xml:2:1-6:12
MERGED from [com.google.firebase:firebase-messaging:12.0.1] AndroidManifest.xml:17:1-37:12
MERGED from [com.android.support:design:26.1.0] AndroidManifest.xml:17:1-31:12
MERGED from [com.android.support:appcompat-v7:26.1.0] AndroidManifest.xml:17:1-31:12
MERGED from [com.android.support.constraint:constraint-layout:1.0.2] AndroidManifest.xml:2:1-11:12
MERGED from [com.android.support:multidex:1.0.1] AndroidManifest.xml:16:1-19:12
MERGED from [me.dm7.barcodescanner:zxing:1.9.8] AndroidManifest.xml:2:1-13:12
MERGED from [me.dm7.barcodescanner:zbar:1.9.8] AndroidManifest.xml:2:1-13:12
MERGED from [com.getkeepsafe.relinker:relinker:1.2.2] AndroidManifest.xml:2:1-9:12
MERGED from [com.android.support:animated-vector-drawable:26.1.0] AndroidManifest.xml:17:1-28:12
MERGED from [com.android.support:support-vector-drawable:26.1.0] AndroidManifest.xml:17:1-28:12
MERGED from [com.android.support:recyclerview-v7:26.1.0] AndroidManifest.xml:17:1-28:12
MERGED from [com.android.support:transition:26.1.0] AndroidManifest.xml:17:1-28:12
MERGED from [com.google.firebase:firebase-analytics:12.0.1] AndroidManifest.xml:17:1-54:12
MERGED from [com.google.firebase:firebase-analytics-impl:12.0.1] AndroidManifest.xml:17:1-40:12
MERGED from [com.google.firebase:firebase-iid:12.0.1] AndroidManifest.xml:17:1-59:12
MERGED from [com.google.firebase:firebase-common:12.0.1] AndroidManifest.xml:2:1-15:12
MERGED from [com.google.android.gms:play-services-tasks:12.0.1] AndroidManifest.xml:2:1-9:12
MERGED from [com.google.android.gms:play-services-basement:12.0.1] AndroidManifest.xml:17:1-28:12
MERGED from [me.dm7.barcodescanner:core:1.9.8] AndroidManifest.xml:2:1-13:12
MERGED from [com.android.support:support-v4:26.1.0] AndroidManifest.xml:17:1-31:12
MERGED from [com.android.support:support-fragment:26.1.0] AndroidManifest.xml:17:1-31:12
MERGED from [com.android.support:support-core-ui:26.1.0] AndroidManifest.xml:17:1-31:12
MERGED from [com.android.support:support-media-compat:26.1.0] AndroidManifest.xml:17:1-31:12
MERGED from [com.android.support:support-core-utils:26.1.0] AndroidManifest.xml:17:1-31:12
MERGED from [com.android.support:support-compat:26.1.0] AndroidManifest.xml:17:1-31:12
MERGED from [com.google.firebase:firebase-messaging-license:12.0.1] AndroidManifest.xml:17:1-24:12
MERGED from [com.google.firebase:firebase-analytics-license:12.0.1] AndroidManifest.xml:17:1-24:12
MERGED from [com.google.firebase:firebase-iid-license:12.0.1] AndroidManifest.xml:17:1-24:12
MERGED from [com.google.android.gms:play-services-basement-license:12.0.1] AndroidManifest.xml:17:1-24:12
MERGED from [com.google.firebase:firebase-common-license:12.0.1] AndroidManifest.xml:17:1-24:12
MERGED from [com.google.firebase:firebase-analytics-impl-license:12.0.1] AndroidManifest.xml:17:1-24:12
MERGED from [com.google.android.gms:play-services-tasks-license:12.0.1] AndroidManifest.xml:17:1-24:12
MERGED from [android.arch.lifecycle:runtime:1.0.0] AndroidManifest.xml:17:1-30:12
INJECTED from src\main\AndroidManifest.xml:2:1-110:12
INJECTED from src\main\AndroidManifest.xml:2:1-110:12
INJECTED from src\main\AndroidManifest.xml:2:1-110:12
	package
		ADDED from src\main\AndroidManifest.xml:3:5-28
		INJECTED from src\main\AndroidManifest.xml
		INJECTED from src\main\AndroidManifest.xml
	android:versionName
		INJECTED from src\main\AndroidManifest.xml
		ADDED from src\main\AndroidManifest.xml:2:1-110:12
		INJECTED from src\main\AndroidManifest.xml
	android:versionCode
		INJECTED from src\main\AndroidManifest.xml
		ADDED from src\main\AndroidManifest.xml:2:1-110:12
		INJECTED from src\main\AndroidManifest.xml
	xmlns:android
		ADDED from src\main\AndroidManifest.xml:2:11-69
uses-permission#android.permission.INTERNET
ADDED from src\main\AndroidManifest.xml:5:5-66
MERGED from [com.google.firebase:firebase-analytics:12.0.1] AndroidManifest.xml:23:5-67
MERGED from [com.google.firebase:firebase-analytics:12.0.1] AndroidManifest.xml:23:5-67
MERGED from [com.google.firebase:firebase-analytics-impl:12.0.1] AndroidManifest.xml:23:5-67
MERGED from [com.google.firebase:firebase-analytics-impl:12.0.1] AndroidManifest.xml:23:5-67
MERGED from [com.google.firebase:firebase-iid:12.0.1] AndroidManifest.xml:23:5-67
MERGED from [com.google.firebase:firebase-iid:12.0.1] AndroidManifest.xml:23:5-67
	android:name
		ADDED from src\main\AndroidManifest.xml:5:22-64
uses-permission#android.permission.ACCESS_NETWORK_STATE
ADDED from src\main\AndroidManifest.xml:6:5-78
MERGED from [com.google.firebase:firebase-analytics:12.0.1] AndroidManifest.xml:24:5-79
MERGED from [com.google.firebase:firebase-analytics:12.0.1] AndroidManifest.xml:24:5-79
MERGED from [com.google.firebase:firebase-analytics-impl:12.0.1] AndroidManifest.xml:24:5-79
MERGED from [com.google.firebase:firebase-analytics-impl:12.0.1] AndroidManifest.xml:24:5-79
MERGED from [com.google.firebase:firebase-iid:12.0.1] AndroidManifest.xml:22:5-79
MERGED from [com.google.firebase:firebase-iid:12.0.1] AndroidManifest.xml:22:5-79
	android:name
		ADDED from src\main\AndroidManifest.xml:6:22-76
uses-permission#android.permission.CAMERA
ADDED from src\main\AndroidManifest.xml:7:5-64
	android:name
		ADDED from src\main\AndroidManifest.xml:7:22-62
uses-permission#android.permission.GET_TASKS
ADDED from src\main\AndroidManifest.xml:8:5-67
	android:name
		ADDED from src\main\AndroidManifest.xml:8:22-65
application
ADDED from src\main\AndroidManifest.xml:11:5-108:19
MERGED from [com.android.support:cardview-v7:26.1.0] AndroidManifest.xml:22:5-26:19
MERGED from [com.android.support:cardview-v7:26.1.0] AndroidManifest.xml:22:5-26:19
MERGED from [com.google.firebase:firebase-core:12.0.1] AndroidManifest.xml:5:5-20
MERGED from [com.google.firebase:firebase-core:12.0.1] AndroidManifest.xml:5:5-20
MERGED from [com.google.firebase:firebase-messaging:12.0.1] AndroidManifest.xml:22:5-35:19
MERGED from [com.google.firebase:firebase-messaging:12.0.1] AndroidManifest.xml:22:5-35:19
MERGED from [com.android.support:design:26.1.0] AndroidManifest.xml:25:5-29:19
MERGED from [com.android.support:design:26.1.0] AndroidManifest.xml:25:5-29:19
MERGED from [com.android.support:appcompat-v7:26.1.0] AndroidManifest.xml:25:5-29:19
MERGED from [com.android.support:appcompat-v7:26.1.0] AndroidManifest.xml:25:5-29:19
MERGED from [com.android.support.constraint:constraint-layout:1.0.2] AndroidManifest.xml:9:5-20
MERGED from [com.android.support.constraint:constraint-layout:1.0.2] AndroidManifest.xml:9:5-20
MERGED from [me.dm7.barcodescanner:zxing:1.9.8] AndroidManifest.xml:11:5-20
MERGED from [me.dm7.barcodescanner:zxing:1.9.8] AndroidManifest.xml:11:5-20
MERGED from [me.dm7.barcodescanner:zbar:1.9.8] AndroidManifest.xml:11:5-20
MERGED from [me.dm7.barcodescanner:zbar:1.9.8] AndroidManifest.xml:11:5-20
MERGED from [com.android.support:animated-vector-drawable:26.1.0] AndroidManifest.xml:22:5-26:19
MERGED from [com.android.support:animated-vector-drawable:26.1.0] AndroidManifest.xml:22:5-26:19
MERGED from [com.android.support:support-vector-drawable:26.1.0] AndroidManifest.xml:22:5-26:19
MERGED from [com.android.support:support-vector-drawable:26.1.0] AndroidManifest.xml:22:5-26:19
MERGED from [com.android.support:recyclerview-v7:26.1.0] AndroidManifest.xml:22:5-26:19
MERGED from [com.android.support:recyclerview-v7:26.1.0] AndroidManifest.xml:22:5-26:19
MERGED from [com.android.support:transition:26.1.0] AndroidManifest.xml:22:5-26:19
MERGED from [com.android.support:transition:26.1.0] AndroidManifest.xml:22:5-26:19
MERGED from [com.google.firebase:firebase-analytics:12.0.1] AndroidManifest.xml:27:5-52:19
MERGED from [com.google.firebase:firebase-analytics:12.0.1] AndroidManifest.xml:27:5-52:19
MERGED from [com.google.firebase:firebase-analytics-impl:12.0.1] AndroidManifest.xml:27:5-38:19
MERGED from [com.google.firebase:firebase-analytics-impl:12.0.1] AndroidManifest.xml:27:5-38:19
MERGED from [com.google.firebase:firebase-iid:12.0.1] AndroidManifest.xml:34:5-57:19
MERGED from [com.google.firebase:firebase-iid:12.0.1] AndroidManifest.xml:34:5-57:19
MERGED from [com.google.firebase:firebase-common:12.0.1] AndroidManifest.xml:7:5-13:19
MERGED from [com.google.firebase:firebase-common:12.0.1] AndroidManifest.xml:7:5-13:19
MERGED from [com.google.android.gms:play-services-tasks:12.0.1] AndroidManifest.xml:7:5-20
MERGED from [com.google.android.gms:play-services-tasks:12.0.1] AndroidManifest.xml:7:5-20
MERGED from [com.google.android.gms:play-services-basement:12.0.1] AndroidManifest.xml:22:5-26:19
MERGED from [com.google.android.gms:play-services-basement:12.0.1] AndroidManifest.xml:22:5-26:19
MERGED from [me.dm7.barcodescanner:core:1.9.8] AndroidManifest.xml:11:5-20
MERGED from [me.dm7.barcodescanner:core:1.9.8] AndroidManifest.xml:11:5-20
MERGED from [com.android.support:support-v4:26.1.0] AndroidManifest.xml:25:5-29:19
MERGED from [com.android.support:support-v4:26.1.0] AndroidManifest.xml:25:5-29:19
MERGED from [com.android.support:support-fragment:26.1.0] AndroidManifest.xml:25:5-29:19
MERGED from [com.android.support:support-fragment:26.1.0] AndroidManifest.xml:25:5-29:19
MERGED from [com.android.support:support-core-ui:26.1.0] AndroidManifest.xml:25:5-29:19
MERGED from [com.android.support:support-core-ui:26.1.0] AndroidManifest.xml:25:5-29:19
MERGED from [com.android.support:support-media-compat:26.1.0] AndroidManifest.xml:25:5-29:19
MERGED from [com.android.support:support-media-compat:26.1.0] AndroidManifest.xml:25:5-29:19
MERGED from [com.android.support:support-core-utils:26.1.0] AndroidManifest.xml:25:5-29:19
MERGED from [com.android.support:support-core-utils:26.1.0] AndroidManifest.xml:25:5-29:19
MERGED from [com.android.support:support-compat:26.1.0] AndroidManifest.xml:25:5-29:19
MERGED from [com.android.support:support-compat:26.1.0] AndroidManifest.xml:25:5-29:19
MERGED from [com.google.firebase:firebase-messaging-license:12.0.1] AndroidManifest.xml:22:5-20
MERGED from [com.google.firebase:firebase-messaging-license:12.0.1] AndroidManifest.xml:22:5-20
MERGED from [com.google.firebase:firebase-analytics-license:12.0.1] AndroidManifest.xml:22:5-20
MERGED from [com.google.firebase:firebase-analytics-license:12.0.1] AndroidManifest.xml:22:5-20
MERGED from [com.google.firebase:firebase-iid-license:12.0.1] AndroidManifest.xml:22:5-20
MERGED from [com.google.firebase:firebase-iid-license:12.0.1] AndroidManifest.xml:22:5-20
MERGED from [com.google.android.gms:play-services-basement-license:12.0.1] AndroidManifest.xml:22:5-20
MERGED from [com.google.android.gms:play-services-basement-license:12.0.1] AndroidManifest.xml:22:5-20
MERGED from [com.google.firebase:firebase-common-license:12.0.1] AndroidManifest.xml:22:5-20
MERGED from [com.google.firebase:firebase-common-license:12.0.1] AndroidManifest.xml:22:5-20
MERGED from [com.google.firebase:firebase-analytics-impl-license:12.0.1] AndroidManifest.xml:22:5-20
MERGED from [com.google.firebase:firebase-analytics-impl-license:12.0.1] AndroidManifest.xml:22:5-20
MERGED from [com.google.android.gms:play-services-tasks-license:12.0.1] AndroidManifest.xml:22:5-20
MERGED from [com.google.android.gms:play-services-tasks-license:12.0.1] AndroidManifest.xml:22:5-20
MERGED from [android.arch.lifecycle:runtime:1.0.0] AndroidManifest.xml:24:5-28:19
MERGED from [android.arch.lifecycle:runtime:1.0.0] AndroidManifest.xml:24:5-28:19
	android:screenOrientation
		ADDED from src\main\AndroidManifest.xml:16:9-45
	android:supportsRtl
		ADDED from src\main\AndroidManifest.xml:18:9-35
	android:label
		ADDED from src\main\AndroidManifest.xml:15:9-41
	android:roundIcon
		ADDED from src\main\AndroidManifest.xml:17:9-54
	android:icon
		ADDED from src\main\AndroidManifest.xml:14:9-43
	android:allowBackup
		ADDED from src\main\AndroidManifest.xml:13:9-35
	android:theme
		ADDED from src\main\AndroidManifest.xml:19:9-40
	android:name
		ADDED from src\main\AndroidManifest.xml:12:9-52
activity#quay.com.ipos.login.SplashActivity
ADDED from src\main\AndroidManifest.xml:20:9-28:20
	android:label
		ADDED from src\main\AndroidManifest.xml:22:13-45
	android:theme
		ADDED from src\main\AndroidManifest.xml:23:13-56
	android:name
		ADDED from src\main\AndroidManifest.xml:21:13-49
intent-filter#android.intent.action.MAIN+android.intent.category.LAUNCHER
ADDED from src\main\AndroidManifest.xml:24:13-27:29
action#android.intent.action.MAIN
ADDED from src\main\AndroidManifest.xml:25:17-69
	android:name
		ADDED from src\main\AndroidManifest.xml:25:25-66
category#android.intent.category.LAUNCHER
ADDED from src\main\AndroidManifest.xml:26:17-77
	android:name
		ADDED from src\main\AndroidManifest.xml:26:27-74
activity#quay.com.ipos.login.LoginActivity
ADDED from src\main\AndroidManifest.xml:29:9-32:59
	android:screenOrientation
		ADDED from src\main\AndroidManifest.xml:31:13-49
	android:theme
		ADDED from src\main\AndroidManifest.xml:32:13-56
	android:name
		ADDED from src\main\AndroidManifest.xml:30:13-48
activity#quay.com.ipos.login.McCoyLoginActivity
ADDED from src\main\AndroidManifest.xml:34:9-37:59
	android:screenOrientation
		ADDED from src\main\AndroidManifest.xml:36:13-49
	android:theme
		ADDED from src\main\AndroidManifest.xml:37:13-56
	android:name
		ADDED from src\main\AndroidManifest.xml:35:13-53
activity#quay.com.ipos.customerInfo.CustomerInfoActivity
ADDED from src\main\AndroidManifest.xml:39:9-41:58
	android:screenOrientation
		ADDED from src\main\AndroidManifest.xml:40:13-49
	android:theme
		ADDED from src\main\AndroidManifest.xml:41:13-56
	android:name
		ADDED from src\main\AndroidManifest.xml:39:19-68
activity#quay.com.ipos.productCatalogue.CatalogueSubProduct
ADDED from src\main\AndroidManifest.xml:43:9-46:59
	android:screenOrientation
		ADDED from src\main\AndroidManifest.xml:45:13-49
	android:theme
		ADDED from src\main\AndroidManifest.xml:46:13-56
	android:name
		ADDED from src\main\AndroidManifest.xml:44:13-65
activity#quay.com.ipos.productCatalogue.ProductCatalogueViewAll
ADDED from src\main\AndroidManifest.xml:48:9-51:59
	android:screenOrientation
		ADDED from src\main\AndroidManifest.xml:50:13-49
	android:theme
		ADDED from src\main\AndroidManifest.xml:51:13-56
	android:name
		ADDED from src\main\AndroidManifest.xml:49:13-69
activity#quay.com.ipos.productCatalogue.ProductDetails
ADDED from src\main\AndroidManifest.xml:53:9-56:59
	android:screenOrientation
		ADDED from src\main\AndroidManifest.xml:55:13-49
	android:theme
		ADDED from src\main\AndroidManifest.xml:56:13-56
	android:name
		ADDED from src\main\AndroidManifest.xml:54:13-60
activity#quay.com.ipos.base.MainActivity
ADDED from src\main\AndroidManifest.xml:58:9-61:59
	android:screenOrientation
		ADDED from src\main\AndroidManifest.xml:60:13-49
	android:theme
		ADDED from src\main\AndroidManifest.xml:61:13-56
	android:name
		ADDED from src\main\AndroidManifest.xml:59:13-46
activity#quay.com.ipos.retailsales.activity.PinnedRetailActivity
ADDED from src\main\AndroidManifest.xml:62:9-65:59
	android:screenOrientation
		ADDED from src\main\AndroidManifest.xml:64:13-49
	android:theme
		ADDED from src\main\AndroidManifest.xml:65:13-56
	android:name
		ADDED from src\main\AndroidManifest.xml:63:13-83
activity#quay.com.ipos.retailsales.activity.FullScannerActivity
ADDED from src\main\AndroidManifest.xml:66:9-69:59
	android:screenOrientation
		ADDED from src\main\AndroidManifest.xml:68:13-49
	android:theme
		ADDED from src\main\AndroidManifest.xml:69:13-56
	android:name
		ADDED from src\main\AndroidManifest.xml:67:13-69
activity#quay.com.ipos.retailsales.activity.AddProductActivity
ADDED from src\main\AndroidManifest.xml:71:9-74:20
	android:screenOrientation
		ADDED from src\main\AndroidManifest.xml:72:13-49
	android:theme
		ADDED from src\main\AndroidManifest.xml:73:13-56
	android:name
		ADDED from src\main\AndroidManifest.xml:71:19-74
activity#quay.com.ipos.retailsales.activity.CustomerDetailActivityNew
ADDED from src\main\AndroidManifest.xml:75:9-78:59
	android:screenOrientation
		ADDED from src\main\AndroidManifest.xml:77:13-49
	android:theme
		ADDED from src\main\AndroidManifest.xml:78:13-56
	android:name
		ADDED from src\main\AndroidManifest.xml:76:13-75
activity#quay.com.ipos.retailsales.activity.CustomerListActivityNew
ADDED from src\main\AndroidManifest.xml:79:9-82:59
	android:screenOrientation
		ADDED from src\main\AndroidManifest.xml:81:13-49
	android:theme
		ADDED from src\main\AndroidManifest.xml:82:13-56
	android:name
		ADDED from src\main\AndroidManifest.xml:80:13-73
activity#quay.com.ipos.neworder.activity.NewOrderDetailsActivity
ADDED from src\main\AndroidManifest.xml:83:9-86:59
	android:screenOrientation
		ADDED from src\main\AndroidManifest.xml:85:13-49
	android:theme
		ADDED from src\main\AndroidManifest.xml:86:13-56
	android:name
		ADDED from src\main\AndroidManifest.xml:84:13-70
activity#quay.com.ipos.neworder.activity.OrderCentreDetailsActivity
ADDED from src\main\AndroidManifest.xml:87:9-90:59
	android:screenOrientation
		ADDED from src\main\AndroidManifest.xml:89:13-49
	android:theme
		ADDED from src\main\AndroidManifest.xml:90:13-56
	android:name
		ADDED from src\main\AndroidManifest.xml:88:13-73
service#quay.com.ipos.notifications.MyFirebaseMessagingService
ADDED from src\main\AndroidManifest.xml:93:9-100:19
	android:enabled
		ADDED from src\main\AndroidManifest.xml:95:13-35
	android:exported
		ADDED from src\main\AndroidManifest.xml:96:13-36
	android:stopWithTask
		ADDED from src\main\AndroidManifest.xml:94:13-41
	android:name
		ADDED from src\main\AndroidManifest.xml:93:18-74
intent-filter#com.google.firebase.MESSAGING_EVENT
ADDED from src\main\AndroidManifest.xml:97:13-99:29
action#com.google.firebase.MESSAGING_EVENT
ADDED from src\main\AndroidManifest.xml:98:17-78
	android:name
		ADDED from src\main\AndroidManifest.xml:98:25-75
service#quay.com.ipos.notifications.MyFirebaseInstanceIDService
ADDED from src\main\AndroidManifest.xml:101:9-105:19
	android:name
		ADDED from src\main\AndroidManifest.xml:101:18-75
intent-filter#com.google.firebase.INSTANCE_ID_EVENT
ADDED from src\main\AndroidManifest.xml:102:13-104:29
action#com.google.firebase.INSTANCE_ID_EVENT
ADDED from src\main\AndroidManifest.xml:103:17-80
	android:name
		ADDED from src\main\AndroidManifest.xml:103:25-77
uses-sdk
INJECTED from src\main\AndroidManifest.xml reason: use-sdk injection requested
INJECTED from src\main\AndroidManifest.xml
INJECTED from src\main\AndroidManifest.xml
MERGED from [io.realm:realm-android-library:3.1.3] AndroidManifest.xml:7:5-9:41
MERGED from [io.realm:realm-android-library:3.1.3] AndroidManifest.xml:7:5-9:41
MERGED from [com.android.support:cardview-v7:26.1.0] AndroidManifest.xml:20:5-44
MERGED from [com.android.support:cardview-v7:26.1.0] AndroidManifest.xml:20:5-44
MERGED from [:MPChartLib] AndroidManifest.xml:17:5-19:41
MERGED from [:MPChartLib] AndroidManifest.xml:17:5-19:41
MERGED from [com.google.firebase:firebase-core:12.0.1] AndroidManifest.xml:4:5-43
MERGED from [com.google.firebase:firebase-core:12.0.1] AndroidManifest.xml:4:5-43
MERGED from [com.google.firebase:firebase-messaging:12.0.1] AndroidManifest.xml:20:5-44
MERGED from [com.google.firebase:firebase-messaging:12.0.1] AndroidManifest.xml:20:5-44
MERGED from [com.android.support:design:26.1.0] AndroidManifest.xml:21:5-23:62
MERGED from [com.android.support:design:26.1.0] AndroidManifest.xml:21:5-23:62
MERGED from [com.android.support:appcompat-v7:26.1.0] AndroidManifest.xml:21:5-23:78
MERGED from [com.android.support:appcompat-v7:26.1.0] AndroidManifest.xml:21:5-23:78
MERGED from [com.android.support.constraint:constraint-layout:1.0.2] AndroidManifest.xml:5:5-7:41
MERGED from [com.android.support.constraint:constraint-layout:1.0.2] AndroidManifest.xml:5:5-7:41
MERGED from [com.android.support:multidex:1.0.1] AndroidManifest.xml:18:5-42
MERGED from [com.android.support:multidex:1.0.1] AndroidManifest.xml:18:5-42
MERGED from [me.dm7.barcodescanner:zxing:1.9.8] AndroidManifest.xml:7:5-9:41
MERGED from [me.dm7.barcodescanner:zxing:1.9.8] AndroidManifest.xml:7:5-9:41
MERGED from [me.dm7.barcodescanner:zbar:1.9.8] AndroidManifest.xml:7:5-9:41
MERGED from [me.dm7.barcodescanner:zbar:1.9.8] AndroidManifest.xml:7:5-9:41
MERGED from [com.getkeepsafe.relinker:relinker:1.2.2] AndroidManifest.xml:7:5-43
MERGED from [com.getkeepsafe.relinker:relinker:1.2.2] AndroidManifest.xml:7:5-43
MERGED from [com.android.support:animated-vector-drawable:26.1.0] AndroidManifest.xml:20:5-44
MERGED from [com.android.support:animated-vector-drawable:26.1.0] AndroidManifest.xml:20:5-44
MERGED from [com.android.support:support-vector-drawable:26.1.0] AndroidManifest.xml:20:5-44
MERGED from [com.android.support:support-vector-drawable:26.1.0] AndroidManifest.xml:20:5-44
MERGED from [com.android.support:recyclerview-v7:26.1.0] AndroidManifest.xml:20:5-44
MERGED from [com.android.support:recyclerview-v7:26.1.0] AndroidManifest.xml:20:5-44
MERGED from [com.android.support:transition:26.1.0] AndroidManifest.xml:20:5-44
MERGED from [com.android.support:transition:26.1.0] AndroidManifest.xml:20:5-44
MERGED from [com.google.firebase:firebase-analytics:12.0.1] AndroidManifest.xml:20:5-44
MERGED from [com.google.firebase:firebase-analytics:12.0.1] AndroidManifest.xml:20:5-44
MERGED from [com.google.firebase:firebase-analytics-impl:12.0.1] AndroidManifest.xml:20:5-44
MERGED from [com.google.firebase:firebase-analytics-impl:12.0.1] AndroidManifest.xml:20:5-44
MERGED from [com.google.firebase:firebase-iid:12.0.1] AndroidManifest.xml:20:5-44
MERGED from [com.google.firebase:firebase-iid:12.0.1] AndroidManifest.xml:20:5-44
MERGED from [com.google.firebase:firebase-common:12.0.1] AndroidManifest.xml:5:5-44
MERGED from [com.google.firebase:firebase-common:12.0.1] AndroidManifest.xml:5:5-44
MERGED from [com.google.android.gms:play-services-tasks:12.0.1] AndroidManifest.xml:5:5-44
MERGED from [com.google.android.gms:play-services-tasks:12.0.1] AndroidManifest.xml:5:5-44
MERGED from [com.google.android.gms:play-services-basement:12.0.1] AndroidManifest.xml:20:5-44
MERGED from [com.google.android.gms:play-services-basement:12.0.1] AndroidManifest.xml:20:5-44
MERGED from [me.dm7.barcodescanner:core:1.9.8] AndroidManifest.xml:7:5-9:41
MERGED from [me.dm7.barcodescanner:core:1.9.8] AndroidManifest.xml:7:5-9:41
MERGED from [com.android.support:support-v4:26.1.0] AndroidManifest.xml:21:5-23:54
MERGED from [com.android.support:support-v4:26.1.0] AndroidManifest.xml:21:5-23:54
MERGED from [com.android.support:support-fragment:26.1.0] AndroidManifest.xml:21:5-23:60
MERGED from [com.android.support:support-fragment:26.1.0] AndroidManifest.xml:21:5-23:60
MERGED from [com.android.support:support-core-ui:26.1.0] AndroidManifest.xml:21:5-23:58
MERGED from [com.android.support:support-core-ui:26.1.0] AndroidManifest.xml:21:5-23:58
MERGED from [com.android.support:support-media-compat:26.1.0] AndroidManifest.xml:21:5-23:63
MERGED from [com.android.support:support-media-compat:26.1.0] AndroidManifest.xml:21:5-23:63
MERGED from [com.android.support:support-core-utils:26.1.0] AndroidManifest.xml:21:5-23:61
MERGED from [com.android.support:support-core-utils:26.1.0] AndroidManifest.xml:21:5-23:61
MERGED from [com.android.support:support-compat:26.1.0] AndroidManifest.xml:21:5-23:58
MERGED from [com.android.support:support-compat:26.1.0] AndroidManifest.xml:21:5-23:58
MERGED from [com.google.firebase:firebase-messaging-license:12.0.1] AndroidManifest.xml:20:5-44
MERGED from [com.google.firebase:firebase-messaging-license:12.0.1] AndroidManifest.xml:20:5-44
MERGED from [com.google.firebase:firebase-analytics-license:12.0.1] AndroidManifest.xml:20:5-44
MERGED from [com.google.firebase:firebase-analytics-license:12.0.1] AndroidManifest.xml:20:5-44
MERGED from [com.google.firebase:firebase-iid-license:12.0.1] AndroidManifest.xml:20:5-44
MERGED from [com.google.firebase:firebase-iid-license:12.0.1] AndroidManifest.xml:20:5-44
MERGED from [com.google.android.gms:play-services-basement-license:12.0.1] AndroidManifest.xml:20:5-44
MERGED from [com.google.android.gms:play-services-basement-license:12.0.1] AndroidManifest.xml:20:5-44
MERGED from [com.google.firebase:firebase-common-license:12.0.1] AndroidManifest.xml:20:5-44
MERGED from [com.google.firebase:firebase-common-license:12.0.1] AndroidManifest.xml:20:5-44
MERGED from [com.google.firebase:firebase-analytics-impl-license:12.0.1] AndroidManifest.xml:20:5-44
MERGED from [com.google.firebase:firebase-analytics-impl-license:12.0.1] AndroidManifest.xml:20:5-44
MERGED from [com.google.android.gms:play-services-tasks-license:12.0.1] AndroidManifest.xml:20:5-44
MERGED from [com.google.android.gms:play-services-tasks-license:12.0.1] AndroidManifest.xml:20:5-44
MERGED from [android.arch.lifecycle:runtime:1.0.0] AndroidManifest.xml:20:5-22:41
MERGED from [android.arch.lifecycle:runtime:1.0.0] AndroidManifest.xml:20:5-22:41
INJECTED from src\main\AndroidManifest.xml
INJECTED from src\main\AndroidManifest.xml
	tools:overrideLibrary
		ADDED from [com.android.support:design:26.1.0] AndroidManifest.xml:23:9-59
	android:targetSdkVersion
		INJECTED from src\main\AndroidManifest.xml
		ADDED from src\main\AndroidManifest.xml
		INJECTED from src\main\AndroidManifest.xml
	android:minSdkVersion
		INJECTED from src\main\AndroidManifest.xml
		ADDED from src\main\AndroidManifest.xml
		INJECTED from src\main\AndroidManifest.xml
meta-data#android.support.VERSION
ADDED from [com.android.support:cardview-v7:26.1.0] AndroidManifest.xml:23:9-25:38
MERGED from [com.android.support:design:26.1.0] AndroidManifest.xml:26:9-28:38
MERGED from [com.android.support:design:26.1.0] AndroidManifest.xml:26:9-28:38
MERGED from [com.android.support:appcompat-v7:26.1.0] AndroidManifest.xml:26:9-28:38
MERGED from [com.android.support:appcompat-v7:26.1.0] AndroidManifest.xml:26:9-28:38
MERGED from [com.android.support:animated-vector-drawable:26.1.0] AndroidManifest.xml:23:9-25:38
MERGED from [com.android.support:animated-vector-drawable:26.1.0] AndroidManifest.xml:23:9-25:38
MERGED from [com.android.support:support-vector-drawable:26.1.0] AndroidManifest.xml:23:9-25:38
MERGED from [com.android.support:support-vector-drawable:26.1.0] AndroidManifest.xml:23:9-25:38
MERGED from [com.android.support:recyclerview-v7:26.1.0] AndroidManifest.xml:23:9-25:38
MERGED from [com.android.support:recyclerview-v7:26.1.0] AndroidManifest.xml:23:9-25:38
MERGED from [com.android.support:transition:26.1.0] AndroidManifest.xml:23:9-25:38
MERGED from [com.android.support:transition:26.1.0] AndroidManifest.xml:23:9-25:38
MERGED from [com.android.support:support-v4:26.1.0] AndroidManifest.xml:26:9-28:38
MERGED from [com.android.support:support-v4:26.1.0] AndroidManifest.xml:26:9-28:38
MERGED from [com.android.support:support-fragment:26.1.0] AndroidManifest.xml:26:9-28:38
MERGED from [com.android.support:support-fragment:26.1.0] AndroidManifest.xml:26:9-28:38
MERGED from [com.android.support:support-core-ui:26.1.0] AndroidManifest.xml:26:9-28:38
MERGED from [com.android.support:support-core-ui:26.1.0] AndroidManifest.xml:26:9-28:38
MERGED from [com.android.support:support-media-compat:26.1.0] AndroidManifest.xml:26:9-28:38
MERGED from [com.android.support:support-media-compat:26.1.0] AndroidManifest.xml:26:9-28:38
MERGED from [com.android.support:support-core-utils:26.1.0] AndroidManifest.xml:26:9-28:38
MERGED from [com.android.support:support-core-utils:26.1.0] AndroidManifest.xml:26:9-28:38
MERGED from [com.android.support:support-compat:26.1.0] AndroidManifest.xml:26:9-28:38
MERGED from [com.android.support:support-compat:26.1.0] AndroidManifest.xml:26:9-28:38
	android:value
		ADDED from [com.android.support:cardview-v7:26.1.0] AndroidManifest.xml:25:13-35
	android:name
		ADDED from [com.android.support:cardview-v7:26.1.0] AndroidManifest.xml:24:13-51
service#com.google.firebase.messaging.FirebaseMessagingService
ADDED from [com.google.firebase:firebase-messaging:12.0.1] AndroidManifest.xml:28:9-34:19
	android:exported
		ADDED from [com.google.firebase:firebase-messaging:12.0.1] AndroidManifest.xml:30:13-36
	android:name
		ADDED from [com.google.firebase:firebase-messaging:12.0.1] AndroidManifest.xml:29:13-82
uses-permission#android.permission.WAKE_LOCK
ADDED from [com.google.firebase:firebase-analytics:12.0.1] AndroidManifest.xml:25:5-68
MERGED from [com.google.firebase:firebase-analytics-impl:12.0.1] AndroidManifest.xml:25:5-68
MERGED from [com.google.firebase:firebase-analytics-impl:12.0.1] AndroidManifest.xml:25:5-68
MERGED from [com.google.firebase:firebase-iid:12.0.1] AndroidManifest.xml:24:5-68
MERGED from [com.google.firebase:firebase-iid:12.0.1] AndroidManifest.xml:24:5-68
	android:name
		ADDED from [com.google.firebase:firebase-analytics:12.0.1] AndroidManifest.xml:25:22-65
receiver#com.google.android.gms.measurement.AppMeasurementReceiver
ADDED from [com.google.firebase:firebase-analytics:12.0.1] AndroidManifest.xml:28:9-32:20
MERGED from [com.google.firebase:firebase-analytics-impl:12.0.1] AndroidManifest.xml:28:9-32:20
MERGED from [com.google.firebase:firebase-analytics-impl:12.0.1] AndroidManifest.xml:28:9-32:20
	android:enabled
		ADDED from [com.google.firebase:firebase-analytics:12.0.1] AndroidManifest.xml:30:13-35
	android:exported
		ADDED from [com.google.firebase:firebase-analytics:12.0.1] AndroidManifest.xml:31:13-37
	android:name
		ADDED from [com.google.firebase:firebase-analytics:12.0.1] AndroidManifest.xml:29:13-85
receiver#com.google.android.gms.measurement.AppMeasurementInstallReferrerReceiver